
The following have been reloaded with a version change:
  1) GCCcore/9.3.0 => GCCcore/10.2.0
  2) OpenMPI/4.0.3-iccifort-2020.1.217 => OpenMPI/4.0.5-GCC-10.2.0
  3) UCX/1.8.0-GCCcore-9.3.0 => UCX/1.9.0-GCCcore-10.2.0
  4) XZ/5.2.5-GCCcore-9.3.0 => XZ/5.2.5-GCCcore-10.2.0
  5) binutils/2.34-GCCcore-9.3.0 => binutils/2.35-GCCcore-10.2.0
  6) hwloc/2.2.0-GCCcore-9.3.0 => hwloc/2.2.0-GCCcore-10.2.0
  7) libpciaccess/0.16-GCCcore-9.3.0 => libpciaccess/0.16-GCCcore-10.2.0
  8) libxml2/2.9.10-GCCcore-9.3.0 => libxml2/2.9.10-GCCcore-10.2.0
  9) numactl/2.0.13-GCCcore-9.3.0 => numactl/2.0.13-GCCcore-10.2.0
 10) zlib/1.2.11-GCCcore-9.3.0 => zlib/1.2.11-GCCcore-10.2.0

mpi.out: error while loading shared libraries: libimf.so: cannot open shared object file: No such file or directory
--------------------------------------------------------------------------
Primary job  terminated normally, but 1 process returned
a non-zero exit code. Per user-direction, the job has been aborted.
--------------------------------------------------------------------------
--------------------------------------------------------------------------
mpirun detected that one or more processes exited with non-zero status, thus causing
the job to be terminated. The first process to do so was:

  Process name: [[1496,1],0]
  Exit code:    127
--------------------------------------------------------------------------
